[debug] [2024-05-31T04:57:35.337Z] ----------------------------------------------------------------------
[debug] [2024-05-31T04:57:35.341Z] Command:       C:\Program Files\nodejs\node.exe C:\Users\yonaa\AppData\Roaming\npm\node_modules\firebase-tools\lib\bin\firebase.js init
[debug] [2024-05-31T04:57:35.342Z] CLI Version:   13.10.1
[debug] [2024-05-31T04:57:35.343Z] Platform:      win32
[debug] [2024-05-31T04:57:35.346Z] Node Version:  v20.11.1
[debug] [2024-05-31T04:57:35.346Z] Time:          Thu May 30 2024 23:57:35 GMT-0500 (Central Daylight Time)
[debug] [2024-05-31T04:57:35.346Z] ----------------------------------------------------------------------
[debug] 
[debug] [2024-05-31T04:57:35.481Z] > command requires scopes: ["email","openid","https://www.googleapis.com/auth/cloudplatformprojects.readonly","https://www.googleapis.com/auth/firebase","https://www.googleapis.com/auth/cloud-platform"]
[debug] [2024-05-31T04:57:35.482Z] > authorizing via signed-in user (yonaa2000@gmail.com)
[info] 
     ######## #### ########  ######## ########     ###     ######  ########
     ##        ##  ##     ## ##       ##     ##  ##   ##  ##       ##
     ######    ##  ########  ######   ########  #########  ######  ######
     ##        ##  ##    ##  ##       ##     ## ##     ##       ## ##
     ##       #### ##     ## ######## ########  ##     ##  ######  ########

You're about to initialize a Firebase project in this directory:

  C:\Users\yonaa\Desktop\Evangadi\Phase-4\Amazone-Clone\Amazone-Clone-A\amazon-clone

Before we get started, keep in mind:

  * You are initializing within an existing Firebase project directory

[info] 
=== Project Setup
[info] 
[info] First, let's associate this project directory with a Firebase project.
[info] You can create multiple project aliases by running firebase use --add, 
[info] but for now we'll just set up a default project.
[info] 
[debug] [2024-05-31T04:58:40.518Z] Using project from CLI flag: clone-28ff3
[debug] [2024-05-31T04:58:40.520Z] >>> [apiv2][query] GET https://firebase.googleapis.com/v1beta1/projects/clone-28ff3 [none]
[debug] [2024-05-31T04:58:40.756Z] <<< [apiv2][status] GET https://firebase.googleapis.com/v1beta1/projects/clone-28ff3 200
[debug] [2024-05-31T04:58:40.756Z] <<< [apiv2][body] GET https://firebase.googleapis.com/v1beta1/projects/clone-28ff3 {"projectId":"clone-28ff3","projectNumber":"11063398901","displayName":"Amazon-clone","name":"projects/clone-28ff3","resources":{"hostingSite":"clone-28ff3"},"state":"ACTIVE","etag":"1_4f7def18-1392-4d7f-828b-40fdb6b9d0f1"}
[info] i  Using project clone-28ff3 (Amazon-clone) 
[info] 
=== Functions Setup
[debug] [2024-05-31T04:58:40.760Z] > command requires scopes: ["email","openid","https://www.googleapis.com/auth/cloudplatformprojects.readonly","https://www.googleapis.com/auth/firebase","https://www.googleapis.com/auth/cloud-platform"]
[debug] [2024-05-31T04:58:40.760Z] > authorizing via signed-in user (yonaa2000@gmail.com)
[debug] [2024-05-31T04:58:40.760Z] [iam] checking project clone-28ff3 for permissions ["firebase.projects.get"]
[debug] [2024-05-31T04:58:40.760Z] >>> [apiv2][query] POST https://cloudresourcemanager.googleapis.com/v1/projects/clone-28ff3:testIamPermissions [none]
[debug] [2024-05-31T04:58:40.760Z] >>> [apiv2][(partial)header] POST https://cloudresourcemanager.googleapis.com/v1/projects/clone-28ff3:testIamPermissions x-goog-quota-user=projects/clone-28ff3
[debug] [2024-05-31T04:58:40.761Z] >>> [apiv2][body] POST https://cloudresourcemanager.googleapis.com/v1/projects/clone-28ff3:testIamPermissions {"permissions":["firebase.projects.get"]}
[debug] [2024-05-31T04:58:40.926Z] <<< [apiv2][status] POST https://cloudresourcemanager.googleapis.com/v1/projects/clone-28ff3:testIamPermissions 200
[debug] [2024-05-31T04:58:40.927Z] <<< [apiv2][body] POST https://cloudresourcemanager.googleapis.com/v1/projects/clone-28ff3:testIamPermissions {"permissions":["firebase.projects.get"]}
[debug] [2024-05-31T04:58:40.927Z] >>> [apiv2][query] GET https://serviceusage.googleapis.com/v1/projects/clone-28ff3/services/cloudfunctions.googleapis.com [none]
[debug] [2024-05-31T04:58:40.927Z] >>> [apiv2][(partial)header] GET https://serviceusage.googleapis.com/v1/projects/clone-28ff3/services/cloudfunctions.googleapis.com x-goog-quota-user=projects/clone-28ff3
[debug] [2024-05-31T04:58:40.929Z] >>> [apiv2][query] GET https://serviceusage.googleapis.com/v1/projects/clone-28ff3/services/runtimeconfig.googleapis.com [none]
[debug] [2024-05-31T04:58:40.929Z] >>> [apiv2][(partial)header] GET https://serviceusage.googleapis.com/v1/projects/clone-28ff3/services/runtimeconfig.googleapis.com x-goog-quota-user=projects/clone-28ff3
[debug] [2024-05-31T04:58:41.766Z] <<< [apiv2][status] GET https://serviceusage.googleapis.com/v1/projects/clone-28ff3/services/cloudfunctions.googleapis.com 200
[debug] [2024-05-31T04:58:41.767Z] <<< [apiv2][body] GET https://serviceusage.googleapis.com/v1/projects/clone-28ff3/services/cloudfunctions.googleapis.com [omitted]
[debug] [2024-05-31T04:58:41.768Z] <<< [apiv2][status] GET https://serviceusage.googleapis.com/v1/projects/clone-28ff3/services/runtimeconfig.googleapis.com 200
[debug] [2024-05-31T04:58:41.768Z] <<< [apiv2][body] GET https://serviceusage.googleapis.com/v1/projects/clone-28ff3/services/runtimeconfig.googleapis.com [omitted]
[info] 
Detected existing codebase(s): default

